<?xml version="1.0" encoding="UTF-8"?>
<!-- Generated by org.testng.reporters.JUnitReportReporter -->
<testsuite skipped="0" hostname="Rajs-MacBook-Air.local" name="com.datadriven.tests.AutomatedTests" tests="1" failures="0" timestamp="17 May 2019 03:27:21 GMT" time="1.348" errors="0">
  <testcase name="open" time="1.348" classname="com.datadriven.tests.AutomatedTests"/>
</testsuite> <!-- com.datadriven.tests.AutomatedTests -->
